#
# A fatal error has been detected by the Java Runtime Environment:
#
#  SIGSEGV (0xb) at pc=0x000000011a36845f, pid=574, tid=0x000000000000c12f
#
# JRE version: Java(TM) SE Runtime Environment (8.0_151-b12) (build 1.8.0_151-b12)
# Java VM: Java HotSpot(TM) 64-Bit Server VM (25.151-b12 mixed mode bsd-amd64 compressed oops)
# Problematic frame:
# C  [libawt_lwawt.dylib+0x1c45f]  OGLSD_SetScratchSurface+0x49
#
# Failed to write core dump. Core dumps have been disabled. To enable core dumping, try "ulimit -c unlimited" before starting Java again
#
# If you would like to submit a bug report, please visit:
#   http://bugreport.java.com/bugreport/crash.jsp
# The crash happened outside the Java Virtual Machine in native code.
# See problematic frame for where to report the bug.
#

---------------  T H R E A D  ---------------

Current thread (0x00007fad21dfb800):  JavaThread "Java2D Queue Flusher" daemon [_thread_in_native, id=49455, stack(0x000070000f5b0000,0x000070000f6b0000)]

siginfo: si_signo: 11 (SIGSEGV), si_code: 1 (SEGV_MAPERR), si_addr: 0x0000000000000002

Registers:
RAX=0x00000000ffffffff, RBX=0x0000000000000002, RCX=0x0000000000000047, RDX=0x000000011a389258
RSP=0x000070000f6af730, RBP=0x000070000f6af750, RSI=0x00007fad252922f0, RDI=0x00007fad21dfb9f8
R8 =0x00007fad220bd940, R9 =0x0000000000001ecd, R10=0x000000010320ce78, R11=0x00000000e822c00a
R12=0x0000000000000000, R13=0x000000010492421c, R14=0x00007fad21dfb9f8, R15=0x00007fad21dfb800
RIP=0x000000011a36845f, EFLAGS=0x0000000000010202, ERR=0x0000000000000004
  TRAPNO=0x000000000000000e

Top of Stack: (sp=0x000070000f6af730)
0x000070000f6af730:   00007fad252922f0 0000000000000000
0x000070000f6af740:   00007fad2069d010 00007fad21dfb800
0x000070000f6af750:   000070000f6af7d0 000000011a388d36
0x000070000f6af760:   00007fad21dfb800 00007fad22150f68
0x000070000f6af770:   000070000f6af7a0 0000000101b38ac0
0x000070000f6af780:   0000000000000064 0000000000000000
0x000070000f6af790:   0000000000000064 00007fad2069d020
0x000070000f6af7a0:   00007000006af800 00007fad21dfb9f8
0x000070000f6af7b0:   0000000741160038 0000000000000000
0x000070000f6af7c0:   000070000f6af858 00007fad21dfb800
0x000070000f6af7d0:   000070000f6af820 000000010320ceea
0x000070000f6af7e0:   0000000741160038 0000000000000118
0x000070000f6af7f0:   000070000f6af858 00007fad21dfb800
0x000070000f6af800:   000070000f6af850 0000000102d879a8
0x000070000f6af810:   00000007411600c0 000070000f6af858
0x000070000f6af820:   0000000741160038 00000001030d0d50
0x000070000f6af830:   000000018aada5e8 0000000000000000
0x000070000f6af840:   000070000f6af860 000070000f6af9d0
0x000070000f6af850:   000070000f6af9d0 000000010492410c
0x000070000f6af860:   0000000000000041 000000011f050e10
0x000070000f6af870:   0000000100000000 000070000f6af938
0x000070000f6af880:   000070000f6af8e8 0000000000000000
0x000070000f6af890:   0000000000000000 0000000000000000
0x000070000f6af8a0:   0000000000000000 0000000100000000
0x000070000f6af8b0:   00000000000000dc 0000000000000000
0x000070000f6af8c0:   000070000f6af960 00007fad21dfb800
0x000070000f6af8d0:   000070000f6af938 00000001025c7b9a
0x000070000f6af8e0:   00000001025c7b58 0000000000000001
0x000070000f6af8f0:   0000000741161428 000070000f6af8e8
0x000070000f6af900:   0000000100000000 0000000741161428
0x000070000f6af910:   00000007411600c0 0000000100000000
0x000070000f6af920:   000000011f050e10 0000000000000000 

Instructions: (pc=0x000000011a36845f)
0x000000011a36843f:   c0 e9 82 00 00 00 48 8b 5e 10 48 85 db 75 0e bf
0x000000011a36844f:   01 00 00 00 48 8d 15 67 7b 03 00 eb d6 49 89 fe
0x000000011a36845f:   4c 8b 3b 30 c0 e8 21 a6 02 00 49 8b 3f 49 89 c4
0x000000011a36846f:   48 8b 35 aa 02 06 00 30 c0 e8 6f a7 02 00 48 85 

Register to memory mapping:

RAX=0x00000000ffffffff is an unknown value
RBX=0x0000000000000002 is an unknown value
RCX=0x0000000000000047 is an unknown value
RDX=0x000000011a389258: Java_sun_java2d_opengl_OGLRenderQueue_flushBuffer+0xb5c in /Library/Internet Plug-Ins/JavaAppletPlugin.plugin/Contents/Home/lib/libawt_lwawt.dylib at 0x000000011a34c000
RSP=0x000070000f6af730 is pointing into the stack for thread: 0x00007fad21dfb800
RBP=0x000070000f6af750 is pointing into the stack for thread: 0x00007fad21dfb800
RSI=0x00007fad252922f0 is an unknown value
RDI=0x00007fad21dfb9f8 is an unknown value
R8 =0x00007fad220bd940 is an unknown value
R9 =0x0000000000001ecd is an unknown value
R10=0x000000010320ce78 is at entry_point+56 in (nmethod*)0x000000010320ccd0
R11=0x00000000e822c00a is an unknown value
R12=0x0000000000000000 is an unknown value
R13=0x000000010492421c is at entry_point+2812 in (nmethod*)0x0000000104923390
R14=0x00007fad21dfb9f8 is an unknown value
R15=0x00007fad21dfb800 is a thread


Stack: [0x000070000f5b0000,0x000070000f6b0000],  sp=0x000070000f6af730,  free space=1021k
Native frames: (J=compiled Java code, j=interpreted, Vv=VM code, C=native code)
C  [libawt_lwawt.dylib+0x1c45f]  OGLSD_SetScratchSurface+0x49
C  [libawt_lwawt.dylib+0x3cd36]  Java_sun_java2d_opengl_OGLRenderQueue_flushBuffer+0x63a
J 6075  sun.java2d.opengl.OGLRenderQueue.flushBuffer(JI)V (0 bytes) @ 0x000000010320ceea [0x000000010320ce40+0xaa]
J 15533 C2 sun.java2d.opengl.OGLRenderQueue.flushBuffer()V (41 bytes) @ 0x00000001030d0d50 [0x00000001030d0d00+0x50]
J 16574% C1 sun.java2d.opengl.OGLRenderQueue$QueueFlusher.run()V (234 bytes) @ 0x000000010492410c [0x0000000104923720+0x9ec]
v  ~StubRoutines::call_stub
V  [libjvm.dylib+0x2ee9aa]  JavaCalls::call_helper(JavaValue*, methodHandle*, JavaCallArguments*, Thread*)+0x6ae
V  [libjvm.dylib+0x2ef14e]  JavaCalls::call_virtual(JavaValue*, KlassHandle, Symbol*, Symbol*, JavaCallArguments*, Thread*)+0x164
V  [libjvm.dylib+0x2ef2fa]  JavaCalls::call_virtual(JavaValue*, Handle, KlassHandle, Symbol*, Symbol*, Thread*)+0x4a
V  [libjvm.dylib+0x349a51]  thread_entry(JavaThread*, Thread*)+0x7c
V  [libjvm.dylib+0x56c173]  JavaThread::thread_main_inner()+0x9b
V  [libjvm.dylib+0x56d860]  JavaThread::run()+0x1c2
V  [libjvm.dylib+0x48bbb2]  java_start(Thread*)+0xf6
C  [libsystem_pthread.dylib+0x393b]  _pthread_body+0xb4
C  [libsystem_pthread.dylib+0x3887]  _pthread_body+0x0
C  [libsystem_pthread.dylib+0x308d]  thread_start+0xd
C  0x0000000000000000

Java frames: (J=compiled Java code, j=interpreted, Vv=VM code)
J 6075  sun.java2d.opengl.OGLRenderQueue.flushBuffer(JI)V (0 bytes) @ 0x000000010320ce78 [0x000000010320ce40+0x38]
J 15533 C2 sun.java2d.opengl.OGLRenderQueue.flushBuffer()V (41 bytes) @ 0x00000001030d0d50 [0x00000001030d0d00+0x50]
J 16574% C1 sun.java2d.opengl.OGLRenderQueue$QueueFlusher.run()V (234 bytes) @ 0x000000010492410c [0x0000000104923720+0x9ec]
v  ~StubRoutines::call_stub

---------------  P R O C E S S  ---------------

Java Threads: ( => current thread )
  0x00007fad24181800 JavaThread "Netty Server IO #7" daemon [_thread_in_native, id=74823, stack(0x00007000105e3000,0x00007000106e3000)]
  0x00007fad20610800 JavaThread "Netty Server IO #6" daemon [_thread_in_native, id=74659, stack(0x00007000104e0000,0x00007000105e0000)]
  0x00007fad21e6c000 JavaThread "Netty Server IO #5" daemon [_thread_in_native, id=24967, stack(0x00007000103dd000,0x00007000104dd000)]
  0x00007fad2420e800 JavaThread "Netty Server IO #4" daemon [_thread_in_native, id=72515, stack(0x0000700010257000,0x0000700010357000)]
  0x00007fad2419b000 JavaThread "Netty Server IO #3" daemon [_thread_in_native, id=26659, stack(0x0000700010154000,0x0000700010254000)]
  0x00007fad27188000 JavaThread "Netty Server IO #2" daemon [_thread_in_native, id=37195, stack(0x0000700010051000,0x0000700010151000)]
  0x00007fad219ec800 JavaThread "threadDeathWatcher-2-1" daemon [_thread_blocked, id=33551, stack(0x000070000ff4e000,0x000070001004e000)]
  0x00007fad24396000 JavaThread "Netty Server IO #1" daemon [_thread_in_native, id=36123, stack(0x000070000fe4b000,0x000070000ff4b000)]
  0x00007fad270e4000 JavaThread "File IO Thread" [_thread_blocked, id=36879, stack(0x000070000f21e000,0x000070000f31e000)]
  0x00007fad24bf1800 JavaThread "Server Watchdog" daemon [_thread_blocked, id=15367, stack(0x000070000fd48000,0x000070000fe48000)]
  0x00007fad2481e000 JavaThread "Netty Server IO #0" daemon [_thread_in_native, id=71475, stack(0x000070000fc45000,0x000070000fd45000)]
  0x00007fad24871000 JavaThread "DestroyJavaVM" [_thread_blocked, id=6915, stack(0x000070000e26e000,0x000070000e36e000)]
  0x00007fad21e65800 JavaThread "Server thread" [_thread_blocked, id=70947, stack(0x000070000fb42000,0x000070000fc42000)]
  0x00007fad20606000 JavaThread "TimerQueue" daemon [_thread_blocked, id=66307, stack(0x000070000f9bc000,0x000070000fabc000)]
  0x00007fad20d36000 JavaThread "Thread-2" daemon [_thread_blocked, id=65795, stack(0x000070000f8b9000,0x000070000f9b9000)]
  0x00007fad21e79800 JavaThread "AWT-EventQueue-0" [_thread_blocked, id=65287, stack(0x000070000f7b6000,0x000070000f8b6000)]
  0x00007fad21e73800 JavaThread "Java2D Disposer" daemon [_thread_blocked, id=64799, stack(0x000070000f6b3000,0x000070000f7b3000)]
=>0x00007fad21dfb800 JavaThread "Java2D Queue Flusher" daemon [_thread_in_native, id=49455, stack(0x000070000f5b0000,0x000070000f6b0000)]
  0x00007fad2058b800 JavaThread "AWT-Shutdown" [_thread_blocked, id=31263, stack(0x000070000f3a7000,0x000070000f4a7000)]
  0x00007fad21dc1800 JavaThread "AppKit Thread" daemon [_thread_in_native, id=775, stack(0x00007fff5f0cb000,0x00007fff5f8cb000)]
  0x00007fad20c18800 JavaThread "Server Infinisleeper" daemon [_thread_blocked, id=4359, stack(0x000070000f11b000,0x000070000f21b000)]
  0x00007fad21d2d000 JavaThread "Snooper Timer" daemon [_thread_blocked, id=3847, stack(0x000070000e168000,0x000070000e268000)]
  0x00007fad2082a000 JavaThread "Service Thread" daemon [_thread_blocked, id=18691, stack(0x000070000ef15000,0x000070000f015000)]
  0x00007fad2186b800 JavaThread "C1 CompilerThread2" daemon [_thread_blocked, id=18179, stack(0x000070000ee12000,0x000070000ef12000)]
  0x00007fad2186a800 JavaThread "C2 CompilerThread1" daemon [_thread_blocked, id=17667, stack(0x000070000ed0f000,0x000070000ee0f000)]
  0x00007fad21869000 JavaThread "C2 CompilerThread0" daemon [_thread_blocked, id=17155, stack(0x000070000ec0c000,0x000070000ed0c000)]
  0x00007fad21835800 JavaThread "Signal Dispatcher" daemon [_thread_blocked, id=16643, stack(0x000070000eb09000,0x000070000ec09000)]
  0x00007fad20003800 JavaThread "Finalizer" daemon [_thread_blocked, id=12291, stack(0x000070000e983000,0x000070000ea83000)]
  0x00007fad2100c000 JavaThread "Reference Handler" daemon [_thread_blocked, id=11779, stack(0x000070000e880000,0x000070000e980000)]

Other Threads:
  0x00007fad20003000 VMThread [stack: 0x000070000e77d000,0x000070000e87d000] [id=11267]
  0x00007fad20025800 WatcherThread [stack: 0x000070000f018000,0x000070000f118000] [id=19203]

VM state:not at safepoint (normal execution)

VM Mutex/Monitor currently owned by a thread: None

Heap:
 PSYoungGen      total 691200K, used 28736K [0x0000000795580000, 0x00000007bfa00000, 0x00000007c0000000)
  eden space 689664K, 4% used [0x0000000795580000,0x0000000797190080,0x00000007bf700000)
  from space 1536K, 0% used [0x00000007bf880000,0x00000007bf880000,0x00000007bfa00000)
  to   space 1536K, 0% used [0x00000007bf700000,0x00000007bf700000,0x00000007bf880000)
 ParOldGen       total 285184K, used 160369K [0x0000000740000000, 0x0000000751680000, 0x0000000795580000)
  object space 285184K, 56% used [0x0000000740000000,0x0000000749c9c560,0x0000000751680000)
 Metaspace       used 47495K, capacity 48026K, committed 48256K, reserved 1091584K
  class space    used 5818K, capacity 5982K, committed 6016K, reserved 1048576K

Card table byte_map: [0x0000000100822000,0x0000000100c23000] byte_map_base: 0x00000000fce22000

Marking Bits: (ParMarkBitMap*) 0x0000000101ef35d0
 Begin Bits: [0x0000000111852000, 0x0000000113852000)
 End Bits:   [0x0000000113852000, 0x0000000115852000)

Polling page: 0x000000010044f000

CodeCache: size=245760Kb used=38815Kb max_used=39331Kb free=206944Kb
 bounds [0x00000001025a7000, 0x0000000104d07000, 0x00000001115a7000]
 total_blobs=10852 nmethods=10039 adapters=721
 compilation: enabled

Compilation events (10 events):
Event: 14926.844 Thread 0x00007fad2186a800 nmethod 16750 0x0000000103c1e290 code [0x0000000103c1e480, 0x0000000103c1e7f0]
Event: 14926.844 Thread 0x00007fad21869000 nmethod 16751 0x00000001036efb90 code [0x00000001036efd80, 0x00000001036f0110]
Event: 14934.648 Thread 0x00007fad2186b800 16752       1       aqb::b (4 bytes)
Event: 14934.648 Thread 0x00007fad2186b800 nmethod 16752 0x000000010448ae90 code [0x000000010448afe0, 0x000000010448b0f0]
Event: 14978.288 Thread 0x00007fad2186b800 16753       3       zo::a (146 bytes)
Event: 14978.293 Thread 0x00007fad2186b800 nmethod 16753 0x000000010498e4d0 code [0x000000010498e8a0, 0x0000000104990ee8]
Event: 15025.483 Thread 0x00007fad2186a800 16754       4       auq::b (68 bytes)
Event: 15025.495 Thread 0x00007fad2186a800 nmethod 16754 0x0000000103eda6d0 code [0x0000000103eda900, 0x0000000103edb2b8]
Event: 15046.049 Thread 0x00007fad21869000 16755       4       yw$1::apply (9 bytes)
Event: 15046.056 Thread 0x00007fad21869000 nmethod 16755 0x0000000102dd5090 code [0x0000000102dd5280, 0x0000000102dd5850]

GC Heap History (10 events):
Event: 15068.976 GC heap before
{Heap before GC invocations=58560 (full 28702):
 PSYoungGen      total 690688K, used 160K [0x0000000795580000, 0x00000007bfa00000, 0x00000007c0000000)
  eden space 689664K, 0% used [0x0000000795580000,0x0000000795580000,0x00000007bf700000)
  from space 1024K, 15% used [0x00000007bf900000,0x00000007bf928000,0x00000007bfa00000)
  to   space 1536K, 0% used [0x00000007bf700000,0x00000007bf700000,0x00000007bf880000)
 ParOldGen       total 285184K, used 160622K [0x0000000740000000, 0x0000000751680000, 0x0000000795580000)
  object space 285184K, 56% used [0x0000000740000000,0x0000000749cdb830,0x0000000751680000)
 Metaspace       used 47495K, capacity 48026K, committed 48256K, reserved 1091584K
  class space    used 5818K, capacity 5982K, committed 6016K, reserved 1048576K
Event: 15069.108 GC heap after
Heap after GC invocations=58560 (full 28702):
 PSYoungGen      total 690688K, used 0K [0x0000000795580000, 0x00000007bfa00000, 0x00000007c0000000)
  eden space 689664K, 0% used [0x0000000795580000,0x0000000795580000,0x00000007bf700000)
  from space 1024K, 0% used [0x00000007bf900000,0x00000007bf900000,0x00000007bfa00000)
  to   space 1536K, 0% used [0x00000007bf700000,0x00000007bf700000,0x00000007bf880000)
 ParOldGen       total 285184K, used 160622K [0x0000000740000000, 0x0000000751680000, 0x0000000795580000)
  object space 285184K, 56% used [0x0000000740000000,0x0000000749cdb878,0x0000000751680000)
 Metaspace       used 47495K, capacity 48026K, committed 48256K, reserved 1091584K
  class space    used 5818K, capacity 5982K, committed 6016K, reserved 1048576K
}
Event: 15069.475 GC heap before
{Heap before GC invocations=58561 (full 28702):
 PSYoungGen      total 690688K, used 40230K [0x0000000795580000, 0x00000007bfa00000, 0x00000007c0000000)
  eden space 689664K, 5% used [0x0000000795580000,0x0000000797cc99c0,0x00000007bf700000)
  from space 1024K, 0% used [0x00000007bf900000,0x00000007bf900000,0x00000007bfa00000)
  to   space 1536K, 0% used [0x00000007bf700000,0x00000007bf700000,0x00000007bf880000)
 ParOldGen       total 285184K, used 160622K [0x0000000740000000, 0x0000000751680000, 0x0000000795580000)
  object space 285184K, 56% used [0x0000000740000000,0x0000000749cdb878,0x0000000751680000)
 Metaspace       used 47495K, capacity 48026K, committed 48256K, reserved 1091584K
  class space    used 5818K, capacity 5982K, committed 6016K, reserved 1048576K
Event: 15069.479 GC heap after
Heap after GC invocations=58561 (full 28702):
 PSYoungGen      total 691200K, used 192K [0x0000000795580000, 0x00000007bfa00000, 0x00000007c0000000)
  eden space 689664K, 0% used [0x0000000795580000,0x0000000795580000,0x00000007bf700000)
  from space 1536K, 12% used [0x00000007bf700000,0x00000007bf730000,0x00000007bf880000)
  to   space 1536K, 0% used [0x00000007bf880000,0x00000007bf880000,0x00000007bfa00000)
 ParOldGen       total 285184K, used 160622K [0x0000000740000000, 0x0000000751680000, 0x0000000795580000)
  object space 285184K, 56% used [0x0000000740000000,0x0000000749cdb878,0x0000000751680000)
 Metaspace       used 47495K, capacity 48026K, committed 48256K, reserved 1091584K
  class space    used 5818K, capacity 5982K, committed 6016K, reserved 1048576K
}
Event: 15069.479 GC heap before
{Heap before GC invocations=58562 (full 28703):
 PSYoungGen      total 691200K, used 192K [0x0000000795580000, 0x00000007bfa00000, 0x00000007c0000000)
  eden space 689664K, 0% used [0x0000000795580000,0x0000000795580000,0x00000007bf700000)
  from space 1536K, 12% used [0x00000007bf700000,0x00000007bf730000,0x00000007bf880000)
  to   space 1536K, 0% used [0x00000007bf880000,0x00000007bf880000,0x00000007bfa00000)
 ParOldGen       total 285184K, used 160622K [0x0000000740000000, 0x0000000751680000, 0x0000000795580000)
  object space 285184K, 56% used [0x0000000740000000,0x0000000749cdb878,0x0000000751680000)
 Metaspace       used 47495K, capacity 48026K, committed 48256K, reserved 1091584K
  class space    used 5818K, capacity 5982K, committed 6016K, reserved 1048576K
Event: 15069.618 GC heap after
Heap after GC invocations=58562 (full 28703):
 PSYoungGen      total 691200K, used 0K [0x0000000795580000, 0x00000007bfa00000, 0x00000007c0000000)
  eden space 689664K, 0% used [0x0000000795580000,0x0000000795580000,0x00000007bf700000)
  from space 1536K, 0% used [0x00000007bf700000,0x00000007bf700000,0x00000007bf880000)
  to   space 1536K, 0% used [0x00000007bf880000,0x00000007bf880000,0x00000007bfa00000)
 ParOldGen       total 285184K, used 160649K [0x0000000740000000, 0x0000000751680000, 0x0000000795580000)
  object space 285184K, 56% used [0x0000000740000000,0x0000000749ce25a0,0x0000000751680000)
 Metaspace       used 47495K, capacity 48026K, committed 48256K, reserved 1091584K
  class space    used 5818K, capacity 5982K, committed 6016K, reserved 1048576K
}
Event: 15069.976 GC heap before
{Heap before GC invocations=58563 (full 28703):
 PSYoungGen      total 691200K, used 40230K [0x0000000795580000, 0x00000007bfa00000, 0x00000007c0000000)
  eden space 689664K, 5% used [0x0000000795580000,0x0000000797cc99c0,0x00000007bf700000)
  from space 1536K, 0% used [0x00000007bf700000,0x00000007bf700000,0x00000007bf880000)
  to   space 1536K, 0% used [0x00000007bf880000,0x00000007bf880000,0x00000007bfa00000)
 ParOldGen       total 285184K, used 160649K [0x0000000740000000, 0x0000000751680000, 0x0000000795580000)
  object space 285184K, 56% used [0x0000000740000000,0x0000000749ce25a0,0x0000000751680000)
 Metaspace       used 47495K, capacity 48026K, committed 48256K, reserved 1091584K
  class space    used 5818K, capacity 5982K, committed 6016K, reserved 1048576K
Event: 15069.980 GC heap after
Heap after GC invocations=58563 (full 28703):
 PSYoungGen      total 691200K, used 160K [0x0000000795580000, 0x00000007bfa00000, 0x00000007c0000000)
  eden space 689664K, 0% used [0x0000000795580000,0x0000000795580000,0x00000007bf700000)
  from space 1536K, 10% used [0x00000007bf880000,0x00000007bf8a8000,0x00000007bfa00000)
  to   space 1536K, 0% used [0x00000007bf700000,0x00000007bf700000,0x00000007bf880000)
 ParOldGen       total 285184K, used 160649K [0x0000000740000000, 0x0000000751680000, 0x0000000795580000)
  object space 285184K, 56% used [0x0000000740000000,0x0000000749ce25a0,0x0000000751680000)
 Metaspace       used 47495K, capacity 48026K, committed 48256K, reserved 1091584K
  class space    used 5818K, capacity 5982K, committed 6016K, reserved 1048576K
}
Event: 15069.980 GC heap before
{Heap before GC invocations=58564 (full 28704):
 PSYoungGen      total 691200K, used 160K [0x0000000795580000, 0x00000007bfa00000, 0x00000007c0000000)
  eden space 689664K, 0% used [0x0000000795580000,0x0000000795580000,0x00000007bf700000)
  from space 1536K, 10% used [0x00000007bf880000,0x00000007bf8a8000,0x00000007bfa00000)
  to   space 1536K, 0% used [0x00000007bf700000,0x00000007bf700000,0x00000007bf880000)
 ParOldGen       total 285184K, used 160649K [0x0000000740000000, 0x0000000751680000, 0x0000000795580000)
  object space 285184K, 56% used [0x0000000740000000,0x0000000749ce25a0,0x0000000751680000)
 Metaspace       used 47495K, capacity 48026K, committed 48256K, reserved 1091584K
  class space    used 5818K, capacity 5982K, committed 6016K, reserved 1048576K
Event: 15070.157 GC heap after
Heap after GC invocations=58564 (full 28704):
 PSYoungGen      total 691200K, used 0K [0x0000000795580000, 0x00000007bfa00000, 0x00000007c0000000)
  eden space 689664K, 0% used [0x0000000795580000,0x0000000795580000,0x00000007bf700000)
  from space 1536K, 0% used [0x00000007bf880000,0x00000007bf880000,0x00000007bfa00000)
  to   space 1536K, 0% used [0x00000007bf700000,0x00000007bf700000,0x00000007bf880000)
 ParOldGen       total 285184K, used 160369K [0x0000000740000000, 0x0000000751680000, 0x0000000795580000)
  object space 285184K, 56% used [0x0000000740000000,0x0000000749c9c560,0x0000000751680000)
 Metaspace       used 47495K, capacity 48026K, committed 48256K, reserved 1091584K
  class space    used 5818K, capacity 5982K, committed 6016K, reserved 1048576K
}

Deoptimization events (10 events):
Event: 13178.979 Thread 0x00007fad21e65800 Uncommon trap: reason=null_check action=make_not_entrant pc=0x0000000103edb2c8 method=java.text.DateFormatSymbols.initializeData(Ljava/util/Locale;)V @ 21
Event: 13178.979 Thread 0x00007fad21e65800 Uncommon trap: reason=unstable_if action=reinterpret pc=0x00000001039137f4 method=java.util.concurrent.ConcurrentHashMap.replaceNode(Ljava/lang/Object;Ljava/lang/Object;Ljava/lang/Object;)Ljava/lang/Object; @ 189
Event: 13179.309 Thread 0x00007fad21e65800 Uncommon trap: reason=unstable_if action=reinterpret pc=0x0000000103daeb5c method=it.unimi.dsi.fastutil.longs.Long2ObjectOpenHashMap.insert(JLjava/lang/Object;)I @ 136
Event: 13179.913 Thread 0x00007fad21e65800 Uncommon trap: reason=null_check action=make_not_entrant pc=0x0000000104127520 method=java.lang.Class.reflectionData()Ljava/lang/Class$ReflectionData; @ 24
Event: 13194.153 Thread 0x00007fad21e65800 Uncommon trap: reason=unstable_if action=reinterpret pc=0x0000000104be069c method=oo.j()V @ 547
Event: 14244.162 Thread 0x00007fad21e65800 Uncommon trap: reason=speculate_class_check action=maybe_recompile pc=0x0000000104adf228 method=vp.Y()V @ 373
Event: 14245.150 Thread 0x00007fad21e65800 Uncommon trap: reason=speculate_class_check action=maybe_recompile pc=0x0000000104adf228 method=vp.Y()V @ 373
Event: 14246.019 Thread 0x00007fad21e65800 Uncommon trap: reason=speculate_class_check action=maybe_recompile pc=0x0000000104adf228 method=vp.Y()V @ 373
Event: 14247.021 Thread 0x00007fad21e65800 Uncommon trap: reason=speculate_class_check action=maybe_recompile pc=0x0000000104adf228 method=vp.Y()V @ 373
Event: 14336.463 Thread 0x00007fad21e65800 Uncommon trap: reason=unstable_if action=reinterpret pc=0x0000000103ce2d44 method=ws$1.a(Lvg;)Z @ 4

Internal exceptions (10 events):
Event: 5659.389 Thread 0x00007fad21e79800 Implicit null exception at 0x000000010344b762 to 0x000000010344bbfd
Event: 6334.512 Thread 0x00007fad21e65800 Implicit null exception at 0x0000000103beb77f to 0x0000000103bebb95
Event: 6594.184 Thread 0x00007fad21dfb800 Implicit null exception at 0x000000010304b10b to 0x000000010304b1a5
Event: 7260.374 Thread 0x00007fad21e79800 Implicit null exception at 0x0000000102fb42b2 to 0x0000000102fb4a2d
Event: 7260.374 Thread 0x00007fad21e79800 Implicit null exception at 0x00000001048b7e48 to 0x00000001048ba8f5
Event: 7260.377 Thread 0x00007fad21e79800 Implicit null exception at 0x00000001044f19ec to 0x00000001044f1a65
Event: 11891.325 Thread 0x00007fad21e79800 Implicit null exception at 0x0000000103f381ab to 0x0000000103f397e9
Event: 11891.621 Thread 0x00007fad21e79800 Implicit null exception at 0x0000000104b368f7 to 0x0000000104b3750d
Event: 13178.979 Thread 0x00007fad21e65800 Implicit null exception at 0x0000000103eda8f5 to 0x0000000103edb2b1
Event: 13179.913 Thread 0x00007fad21e65800 Implicit null exception at 0x000000010411d283 to 0x0000000104127451

Events (10 events):
Event: 15067.952 Executing VM operation: ParallelGCSystemGC
Event: 15068.086 Executing VM operation: ParallelGCSystemGC done
Event: 15068.461 Executing VM operation: ParallelGCSystemGC
Event: 15068.594 Executing VM operation: ParallelGCSystemGC done
Event: 15068.972 Executing VM operation: ParallelGCSystemGC
Event: 15069.108 Executing VM operation: ParallelGCSystemGC done
Event: 15069.475 Executing VM operation: ParallelGCSystemGC
Event: 15069.618 Executing VM operation: ParallelGCSystemGC done
Event: 15069.976 Executing VM operation: ParallelGCSystemGC
Event: 15070.158 Executing VM operation: ParallelGCSystemGC done


Dynamic libraries:
0x000000002baa2000 	/System/Library/Frameworks/Cocoa.framework/Versions/A/Cocoa
0x000000002baa2000 	/System/Library/Frameworks/Security.framework/Versions/A/Security
0x000000002baa2000 	/System/Library/Frameworks/ApplicationServices.framework/Versions/A/ApplicationServices
0x000000002baa2000 	/usr/lib/libz.1.dylib
0x000000002baa2000 	/usr/lib/libSystem.B.dylib
0x000000002baa2000 	/usr/lib/libobjc.A.dylib
0x000000002baa2000 	/System/Library/Frameworks/CoreFoundation.framework/Versions/A/CoreFoundation
0x000000002baa2000 	/System/Library/Frameworks/Foundation.framework/Versions/C/Foundation
0x000000002baa2000 	/System/Library/Frameworks/AppKit.framework/Versions/C/AppKit
0x000000002baa2000 	/System/Library/Frameworks/CoreData.framework/Versions/A/CoreData
0x000000002baa2000 	/System/Library/PrivateFrameworks/RemoteViewServices.framework/Versions/A/RemoteViewServices
0x000000002baa2000 	/System/Library/PrivateFrameworks/UIFoundation.framework/Versions/A/UIFoundation
0x000000002baa2000 	/System/Library/PrivateFrameworks/DFRFoundation.framework/Versions/A/DFRFoundation
0x000000002baa2000 	/usr/lib/libenergytrace.dylib
0x000000002baa2000 	/System/Library/PrivateFrameworks/SkyLight.framework/Versions/A/SkyLight
0x000000002baa2000 	/System/Library/Frameworks/CoreGraphics.framework/Versions/A/CoreGraphics
0x000000002baa2000 	/usr/lib/libScreenReader.dylib
0x000000002baa2000 	/System/Library/Frameworks/Accelerate.framework/Versions/A/Accelerate
0x000000002baa2000 	/System/Library/Frameworks/IOSurface.framework/Versions/A/IOSurface
0x000000002baa2000 	/System/Library/Frameworks/AudioToolbox.framework/Versions/A/AudioToolbox
0x000000002baa2000 	/System/Library/Frameworks/AudioUnit.framework/Versions/A/AudioUnit
0x000000002baa2000 	/System/Library/PrivateFrameworks/DataDetectorsCore.framework/Versions/A/DataDetectorsCore
0x000000002baa2000 	/System/Library/PrivateFrameworks/DesktopServicesPriv.framework/Versions/A/DesktopServicesPriv
0x000000002baa2000 	/System/Library/Frameworks/Carbon.framework/Versions/A/Frameworks/HIToolbox.framework/Versions/A/HIToolbox
0x000000002baa2000 	/usr/lib/libicucore.A.dylib
0x000000002baa2000 	/System/Library/Frameworks/QuartzCore.framework/Versions/A/QuartzCore
0x000000002baa2000 	/System/Library/Frameworks/Carbon.framework/Versions/A/Frameworks/SpeechRecognition.framework/Versions/A/SpeechRecognition
0x000000002baa2000 	/usr/lib/libauto.dylib
0x000000002baa2000 	/usr/lib/libxml2.2.dylib
0x000000002baa2000 	/System/Library/PrivateFrameworks/CoreUI.framework/Versions/A/CoreUI
0x000000002baa2000 	/System/Library/Frameworks/CoreAudio.framework/Versions/A/CoreAudio
0x000000002baa2000 	/System/Library/Frameworks/DiskArbitration.framework/Versions/A/DiskArbitration
0x000000002baa2000 	/usr/lib/liblangid.dylib
0x000000002baa2000 	/System/Library/PrivateFrameworks/MultitouchSupport.framework/Versions/A/MultitouchSupport
0x000000002baa2000 	/System/Library/Frameworks/IOKit.framework/Versions/A/IOKit
0x000000002baa2000 	/usr/lib/libDiagnosticMessagesClient.dylib
0x000000002baa2000 	/System/Library/Frameworks/CoreServices.framework/Versions/A/CoreServices
0x000000002baa2000 	/System/Library/PrivateFrameworks/PerformanceAnalysis.framework/Versions/A/PerformanceAnalysis
0x000000002baa2000 	/System/Library/PrivateFrameworks/GenerationalStorage.framework/Versions/A/GenerationalStorage
0x000000002baa2000 	/System/Library/Frameworks/OpenGL.framework/Versions/A/OpenGL
0x000000002baa2000 	/System/Library/Frameworks/CoreImage.framework/Versions/A/CoreImage
0x000000002baa2000 	/System/Library/Frameworks/CoreText.framework/Versions/A/CoreText
0x000000002baa2000 	/System/Library/Frameworks/ImageIO.framework/Versions/A/ImageIO
0x000000002baa2000 	/System/Library/PrivateFrameworks/Backup.framework/Versions/A/Backup
0x000000002baa2000 	/usr/lib/libarchive.2.dylib
0x000000002baa2000 	/System/Library/Frameworks/CFNetwork.framework/Versions/A/CFNetwork
0x000000002baa2000 	/System/Library/Frameworks/SystemConfiguration.framework/Versions/A/SystemConfiguration
0x000000002baa2000 	/usr/lib/libCRFSuite.dylib
0x000000002baa2000 	/usr/lib/libc++.1.dylib
0x000000002baa2000 	/usr/lib/libc++abi.dylib
0x000000002baa2000 	/usr/lib/system/libcache.dylib
0x000000002baa2000 	/usr/lib/system/libcommonCrypto.dylib
0x000000002baa2000 	/usr/lib/system/libcompiler_rt.dylib
0x000000002baa2000 	/usr/lib/system/libcopyfile.dylib
0x000000002baa2000 	/usr/lib/system/libcorecrypto.dylib
0x000000002baa2000 	/usr/lib/system/libdispatch.dylib
0x000000002baa2000 	/usr/lib/system/libdyld.dylib
0x000000002baa2000 	/usr/lib/system/libkeymgr.dylib
0x000000002baa2000 	/usr/lib/system/liblaunch.dylib
0x000000002baa2000 	/usr/lib/system/libmacho.dylib
0x000000002baa2000 	/usr/lib/system/libquarantine.dylib
0x000000002baa2000 	/usr/lib/system/libremovefile.dylib
0x000000002baa2000 	/usr/lib/system/libsystem_asl.dylib
0x000000002baa2000 	/usr/lib/system/libsystem_blocks.dylib
0x000000002baa2000 	/usr/lib/system/libsystem_c.dylib
0x000000002baa2000 	/usr/lib/system/libsystem_configuration.dylib
0x000000002baa2000 	/usr/lib/system/libsystem_coreservices.dylib
0x000000002baa2000 	/usr/lib/system/libsystem_coretls.dylib
0x000000002baa2000 	/usr/lib/system/libsystem_dnssd.dylib
0x000000002baa2000 	/usr/lib/system/libsystem_info.dylib
0x000000002baa2000 	/usr/lib/system/libsystem_kernel.dylib
0x000000002baa2000 	/usr/lib/system/libsystem_m.dylib
0x000000002baa2000 	/usr/lib/system/libsystem_malloc.dylib
0x000000002baa2000 	/usr/lib/system/libsystem_network.dylib
0x000000002baa2000 	/usr/lib/system/libsystem_networkextension.dylib
0x000000002baa2000 	/usr/lib/system/libsystem_notify.dylib
0x000000002baa2000 	/usr/lib/system/libsystem_platform.dylib
0x000000002baa2000 	/usr/lib/system/libsystem_pthread.dylib
0x000000002baa2000 	/usr/lib/system/libsystem_sandbox.dylib
0x000000002baa2000 	/usr/lib/system/libsystem_secinit.dylib
0x000000002baa2000 	/usr/lib/system/libsystem_symptoms.dylib
0x000000002baa2000 	/usr/lib/system/libsystem_trace.dylib
0x000000002baa2000 	/usr/lib/system/libunwind.dylib
0x000000002baa2000 	/usr/lib/system/libxpc.dylib
0x000000002baa2000 	/usr/lib/libbsm.0.dylib
0x000000002baa2000 	/usr/lib/system/libkxld.dylib
0x000000002baa2000 	/usr/lib/libcoretls.dylib
0x000000002baa2000 	/usr/lib/libcoretls_cfhelpers.dylib
0x000000002baa2000 	/usr/lib/libOpenScriptingUtil.dylib
0x000000002baa2000 	/usr/lib/libpam.2.dylib
0x000000002baa2000 	/usr/lib/libsqlite3.dylib
0x000000002baa2000 	/usr/lib/libxar.1.dylib
0x000000002baa2000 	/usr/lib/libbz2.1.0.dylib
0x000000002baa2000 	/usr/lib/liblzma.5.dylib
0x000000002baa2000 	/usr/lib/libnetwork.dylib
0x000000002baa2000 	/usr/lib/libpcap.A.dylib
0x000000002baa2000 	/System/Library/Frameworks/CoreServices.framework/Versions/A/Frameworks/FSEvents.framework/Versions/A/FSEvents
0x000000002baa2000 	/System/Library/Frameworks/CoreServices.framework/Versions/A/Frameworks/CarbonCore.framework/Versions/A/CarbonCore
0x000000002baa2000 	/System/Library/Frameworks/CoreServices.framework/Versions/A/Frameworks/Metadata.framework/Versions/A/Metadata
0x000000002baa2000 	/System/Library/Frameworks/CoreServices.framework/Versions/A/Frameworks/OSServices.framework/Versions/A/OSServices
0x000000002baa2000 	/System/Library/Frameworks/CoreServices.framework/Versions/A/Frameworks/SearchKit.framework/Versions/A/SearchKit
0x000000002baa2000 	/System/Library/Frameworks/CoreServices.framework/Versions/A/Frameworks/AE.framework/Versions/A/AE
0x000000002baa2000 	/System/Library/Frameworks/CoreServices.framework/Versions/A/Frameworks/LaunchServices.framework/Versions/A/LaunchServices
0x000000002baa2000 	/System/Library/Frameworks/CoreServices.framework/Versions/A/Frameworks/DictionaryServices.framework/Versions/A/DictionaryServices
0x000000002baa2000 	/System/Library/Frameworks/CoreServices.framework/Versions/A/Frameworks/SharedFileList.framework/Versions/A/SharedFileList
0x000000002baa2000 	/System/Library/Frameworks/NetFS.framework/Versions/A/NetFS
0x000000002baa2000 	/System/Library/PrivateFrameworks/NetAuth.framework/Versions/A/NetAuth
0x000000002baa2000 	/System/Library/PrivateFrameworks/login.framework/Versions/A/Frameworks/loginsupport.framework/Versions/A/loginsupport
0x000000002baa2000 	/System/Library/PrivateFrameworks/TCC.framework/Versions/A/TCC
0x000000002baa2000 	/usr/lib/libmecabra.dylib
0x000000002baa2000 	/System/Library/Frameworks/ApplicationServices.framework/Versions/A/Frameworks/ATS.framework/Versions/A/ATS
0x000000002baa2000 	/System/Library/Frameworks/ApplicationServices.framework/Versions/A/Frameworks/ColorSync.framework/Versions/A/ColorSync
0x000000002baa2000 	/System/Library/Frameworks/ApplicationServices.framework/Versions/A/Frameworks/HIServices.framework/Versions/A/HIServices
0x000000002baa2000 	/System/Library/Frameworks/ApplicationServices.framework/Versions/A/Frameworks/LangAnalysis.framework/Versions/A/LangAnalysis
0x000000002baa2000 	/System/Library/Frameworks/ApplicationServices.framework/Versions/A/Frameworks/PrintCore.framework/Versions/A/PrintCore
0x000000002baa2000 	/System/Library/Frameworks/ApplicationServices.framework/Versions/A/Frameworks/QD.framework/Versions/A/QD
0x000000002baa2000 	/System/Library/Frameworks/ApplicationServices.framework/Versions/A/Frameworks/SpeechSynthesis.framework/Versions/A/SpeechSynthesis
0x000000002baa2000 	/System/Library/Frameworks/Accelerate.framework/Versions/A/Frameworks/vImage.framework/Versions/A/vImage
0x000000002baa2000 	/System/Library/Frameworks/Accelerate.framework/Versions/A/Frameworks/vecLib.framework/Versions/A/vecLib
0x000000002baa2000 	/System/Library/Frameworks/Accelerate.framework/Versions/A/Frameworks/vecLib.framework/Versions/A/libvDSP.dylib
0x000000002baa2000 	/System/Library/Frameworks/Accelerate.framework/Versions/A/Frameworks/vecLib.framework/Versions/A/libBNNS.dylib
0x000000002baa2000 	/System/Library/Frameworks/Accelerate.framework/Versions/A/Frameworks/vecLib.framework/Versions/A/libQuadrature.dylib
0x000000002baa2000 	/System/Library/Frameworks/Accelerate.framework/Versions/A/Frameworks/vecLib.framework/Versions/A/libvMisc.dylib
0x000000002baa2000 	/System/Library/Frameworks/Accelerate.framework/Versions/A/Frameworks/vecLib.framework/Versions/A/libLAPACK.dylib
0x000000002baa2000 	/System/Library/Frameworks/Accelerate.framework/Versions/A/Frameworks/vecLib.framework/Versions/A/libBLAS.dylib
0x000000002baa2000 	/System/Library/Frameworks/Accelerate.framework/Versions/A/Frameworks/vecLib.framework/Versions/A/libLinearAlgebra.dylib
0x000000002baa2000 	/System/Library/Frameworks/Accelerate.framework/Versions/A/Frameworks/vecLib.framework/Versions/A/libSparseBLAS.dylib
0x000000002baa2000 	/System/Library/Frameworks/ApplicationServices.framework/Versions/A/Frameworks/ATS.framework/Versions/A/Resources/libFontParser.dylib
0x000000002baa2000 	/System/Library/Frameworks/ApplicationServices.framework/Versions/A/Frameworks/ATS.framework/Versions/A/Resources/libFontRegistry.dylib
0x000000002baa2000 	/System/Library/Frameworks/ImageIO.framework/Versions/A/Resources/libJPEG.dylib
0x000000002baa2000 	/System/Library/Frameworks/ImageIO.framework/Versions/A/Resources/libTIFF.dylib
0x000000002baa2000 	/System/Library/Frameworks/ImageIO.framework/Versions/A/Resources/libPng.dylib
0x000000002baa2000 	/System/Library/Frameworks/ImageIO.framework/Versions/A/Resources/libGIF.dylib
0x000000002baa2000 	/System/Library/Frameworks/ImageIO.framework/Versions/A/Resources/libJP2.dylib
0x000000002baa2000 	/System/Library/Frameworks/ImageIO.framework/Versions/A/Resources/libRadiance.dylib
0x000000002baa2000 	/usr/lib/libcompression.dylib
0x000000002baa2000 	/System/Library/PrivateFrameworks/AppleJPEG.framework/Versions/A/AppleJPEG
0x000000002baa2000 	/usr/lib/libcups.2.dylib
0x000000002baa2000 	/System/Library/Frameworks/Kerberos.framework/Versions/A/Kerberos
0x000000002baa2000 	/System/Library/Frameworks/GSS.framework/Versions/A/GSS
0x000000002baa2000 	/usr/lib/libresolv.9.dylib
0x000000002baa2000 	/usr/lib/libiconv.2.dylib
0x000000002baa2000 	/System/Library/PrivateFrameworks/Heimdal.framework/Versions/A/Heimdal
0x000000002baa2000 	/usr/lib/libheimdal-asn1.dylib
0x000000002baa2000 	/System/Library/Frameworks/OpenDirectory.framework/Versions/A/OpenDirectory
0x000000002baa2000 	/System/Library/PrivateFrameworks/CommonAuth.framework/Versions/A/CommonAuth
0x000000002baa2000 	/System/Library/Frameworks/OpenDirectory.framework/Versions/A/Frameworks/CFOpenDirectory.framework/Versions/A/CFOpenDirectory
0x000000002baa2000 	/System/Library/Frameworks/SecurityFoundation.framework/Versions/A/SecurityFoundation
0x000000002baa2000 	/System/Library/PrivateFrameworks/LanguageModeling.framework/Versions/A/LanguageModeling
0x000000002baa2000 	/usr/lib/libmarisa.dylib
0x000000002baa2000 	/usr/lib/libChineseTokenizer.dylib
0x000000002baa2000 	/usr/lib/libcmph.dylib
0x000000002baa2000 	/System/Library/PrivateFrameworks/CoreEmoji.framework/Versions/A/CoreEmoji
0x000000002baa2000 	/System/Library/Frameworks/ServiceManagement.framework/Versions/A/ServiceManagement
0x000000002baa2000 	/usr/lib/libxslt.1.dylib
0x000000002baa2000 	/System/Library/Frameworks/Carbon.framework/Versions/A/Frameworks/Ink.framework/Versions/A/Ink
0x000000002baa2000 	/System/Library/PrivateFrameworks/TextureIO.framework/Versions/A/TextureIO
0x000000002baa2000 	/System/Library/Frameworks/Metal.framework/Versions/A/Metal
0x000000002baa2000 	/usr/lib/libate.dylib
0x000000002baa2000 	/System/Library/PrivateFrameworks/GPUCompiler.framework/libmetal_timestamp.dylib
0x000000002baa2000 	/System/Library/Frameworks/OpenGL.framework/Versions/A/Libraries/libCoreFSCache.dylib
0x000000002baa2000 	/System/Library/PrivateFrameworks/IOAccelerator.framework/Versions/A/IOAccelerator
0x000000002baa2000 	/System/Library/Frameworks/CoreVideo.framework/Versions/A/CoreVideo
0x000000002baa2000 	/usr/lib/libFosl_dynamic.dylib
0x000000002baa2000 	/System/Library/PrivateFrameworks/MetalPerformanceShaders.framework/Versions/A/MetalPerformanceShaders
0x000000002baa2000 	/System/Library/PrivateFrameworks/FaceCore.framework/Versions/A/FaceCore
0x000000002baa2000 	/System/Library/Frameworks/OpenCL.framework/Versions/A/OpenCL
0x000000002baa2000 	/System/Library/Frameworks/OpenGL.framework/Versions/A/Libraries/libGLU.dylib
0x000000002baa2000 	/System/Library/Frameworks/OpenGL.framework/Versions/A/Libraries/libGFXShared.dylib
0x000000002baa2000 	/System/Library/Frameworks/OpenGL.framework/Versions/A/Libraries/libGL.dylib
0x000000002baa2000 	/System/Library/Frameworks/OpenGL.framework/Versions/A/Libraries/libGLImage.dylib
0x000000002baa2000 	/System/Library/Frameworks/OpenGL.framework/Versions/A/Libraries/libCVMSPluginSupport.dylib
0x000000002baa2000 	/System/Library/Frameworks/OpenGL.framework/Versions/A/Libraries/libCoreVMClient.dylib
0x000000002baa2000 	/System/Library/PrivateFrameworks/CrashReporterSupport.framework/Versions/A/CrashReporterSupport
0x000000002baa2000 	/System/Library/PrivateFrameworks/Sharing.framework/Versions/A/Sharing
0x000000002baa2000 	/System/Library/PrivateFrameworks/IconServices.framework/Versions/A/IconServices
0x000000002baa2000 	/System/Library/PrivateFrameworks/ProtocolBuffer.framework/Versions/A/ProtocolBuffer
0x000000002baa2000 	/System/Library/PrivateFrameworks/Apple80211.framework/Versions/A/Apple80211
0x000000002baa2000 	/System/Library/Frameworks/CoreWLAN.framework/Versions/A/CoreWLAN
0x000000002baa2000 	/System/Library/PrivateFrameworks/CoreUtils.framework/Versions/A/CoreUtils
0x000000002baa2000 	/System/Library/Frameworks/IOBluetooth.framework/Versions/A/IOBluetooth
0x000000002baa2000 	/System/Library/PrivateFrameworks/CoreWiFi.framework/Versions/A/CoreWiFi
0x000000002baa2000 	/System/Library/Frameworks/CoreBluetooth.framework/Versions/A/CoreBluetooth
0x000000002baa2000 	/System/Library/Frameworks/CoreDisplay.framework/Versions/A/CoreDisplay
0x000000002baa2000 	/System/Library/PrivateFrameworks/IOPresentment.framework/Versions/A/IOPresentment
0x000000002baa2000 	/System/Library/PrivateFrameworks/DSExternalDisplay.framework/Versions/A/DSExternalDisplay
0x000000002baa2000 	/System/Library/PrivateFrameworks/DebugSymbols.framework/Versions/A/DebugSymbols
0x000000002baa2000 	/System/Library/PrivateFrameworks/CoreSymbolication.framework/Versions/A/CoreSymbolication
0x000000002baa2000 	/System/Library/PrivateFrameworks/Symbolication.framework/Versions/A/Symbolication
0x000000002baa2000 	/System/Library/PrivateFrameworks/AppleFSCompression.framework/Versions/A/AppleFSCompression
0x000000002baa2000 	/System/Library/PrivateFrameworks/SpeechRecognitionCore.framework/Versions/A/SpeechRecognitionCore
0x000000002baa2000 	/System/Library/PrivateFrameworks/ChunkingLibrary.framework/Versions/A/ChunkingLibrary
0x0000000045882000 	/System/Library/CoreServices/Encodings/libKoreanConverter.dylib
0x0000000101600000 	/Library/Internet Plug-Ins/JavaAppletPlugin.plugin/Contents/Home/lib/server/libjvm.dylib
0x000000002baa2000 	/usr/lib/libstdc++.6.dylib
0x000000010040c000 	/Library/Internet Plug-Ins/JavaAppletPlugin.plugin/Contents/Home/lib/libverify.dylib
0x000000010041a000 	/Library/Internet Plug-Ins/JavaAppletPlugin.plugin/Contents/Home/lib/libjava.dylib
0x0000000100459000 	/Library/Internet Plug-Ins/JavaAppletPlugin.plugin/Contents/Home/lib/libzip.dylib
0x00000001175d7000 	/System/Library/Frameworks/JavaVM.framework/Frameworks/JavaRuntimeSupport.framework/JavaRuntimeSupport
0x00000001175f1000 	/System/Library/Frameworks/JavaVM.framework/Versions/A/Frameworks/JavaNativeFoundation.framework/Versions/A/JavaNativeFoundation
0x0000000117606000 	/System/Library/Frameworks/JavaVM.framework/Versions/A/JavaVM
0x000000002baa2000 	/System/Library/Frameworks/Carbon.framework/Versions/A/Carbon
0x0000000117613000 	/System/Library/PrivateFrameworks/JavaLaunching.framework/Versions/A/JavaLaunching
0x000000002baa2000 	/System/Library/Frameworks/Carbon.framework/Versions/A/Frameworks/CommonPanels.framework/Versions/A/CommonPanels
0x000000002baa2000 	/System/Library/Frameworks/Carbon.framework/Versions/A/Frameworks/Help.framework/Versions/A/Help
0x000000002baa2000 	/System/Library/Frameworks/Carbon.framework/Versions/A/Frameworks/ImageCapture.framework/Versions/A/ImageCapture
0x000000002baa2000 	/System/Library/Frameworks/Carbon.framework/Versions/A/Frameworks/OpenScripting.framework/Versions/A/OpenScripting
0x000000002baa2000 	/System/Library/Frameworks/Carbon.framework/Versions/A/Frameworks/Print.framework/Versions/A/Print
0x000000002baa2000 	/System/Library/Frameworks/Carbon.framework/Versions/A/Frameworks/SecurityHI.framework/Versions/A/SecurityHI
0x000000011916f000 	/Library/Internet Plug-Ins/JavaAppletPlugin.plugin/Contents/Home/lib/libmanagement.dylib
0x000000011966a000 	/Library/Internet Plug-Ins/JavaAppletPlugin.plugin/Contents/Home/lib/libnet.dylib
0x0000000119afb000 	/Library/Internet Plug-Ins/JavaAppletPlugin.plugin/Contents/Home/lib/libnio.dylib
0x0000000119741000 	/Library/Internet Plug-Ins/JavaAppletPlugin.plugin/Contents/Home/lib/libawt.dylib
0x0000000119e23000 	/Library/Internet Plug-Ins/JavaAppletPlugin.plugin/Contents/Home/lib/./libmlib_image.dylib
0x000000011a34c000 	/Library/Internet Plug-Ins/JavaAppletPlugin.plugin/Contents/Home/lib/libawt_lwawt.dylib
0x0000000119182000 	/Library/Internet Plug-Ins/JavaAppletPlugin.plugin/Contents/Home/lib/./libosxapp.dylib
0x000000002baa2000 	/System/Library/Frameworks/ExceptionHandling.framework/Versions/A/ExceptionHandling
0x000000002baa2000 	/System/Library/PrivateFrameworks/CoreServicesInternal.framework/Versions/A/CoreServicesInternal
0x000000002baa2000 	/System/Library/CoreServices/RawCamera.bundle/Contents/MacOS/RawCamera
0x000000002baa2000 	/System/Library/Frameworks/Accelerate.framework/Versions/A/Frameworks/vImage.framework/Versions/A/Libraries/libCGInterfaces.dylib
0x000000002baa2000 	/System/Library/Frameworks/ApplicationServices.framework/Versions/A/Frameworks/ATS.framework/Versions/A/Resources/libTrueTypeScaler.dylib
0x000000011c7b3000 	/System/Library/Frameworks/OpenGL.framework/Resources/GLEngine.bundle/GLEngine
0x000000002baa2000 	/System/Library/Frameworks/OpenGL.framework/Versions/A/Libraries/libGLProgrammability.dylib
0x000000011c998000 	/System/Library/Extensions/AppleIntelBDWGraphicsGLDriver.bundle/Contents/MacOS/AppleIntelBDWGraphicsGLDriver
0x000000002baa2000 	/System/Library/PrivateFrameworks/GPUSupport.framework/Versions/A/Libraries/libGPUSupportMercury.dylib
0x0000000119864000 	/System/Library/Frameworks/OpenGL.framework/Resources//GLRendererFloat.bundle/GLRendererFloat
0x000000002baa2000 	/System/Library/Frameworks/OpenCL.framework/Versions/A/Libraries/libcldcpuengine.dylib
0x000000002baa2000 	/usr/lib/libcrypto.0.9.8.dylib
0x000000002baa2000 	/System/Library/PrivateFrameworks/TrustEvaluationAgent.framework/Versions/A/TrustEvaluationAgent
0x000000011af33000 	/System/Library/Extensions/AppleIntelBDWGraphicsMTLDriver.bundle/Contents/MacOS/AppleIntelBDWGraphicsMTLDriver
0x000000002baa2000 	/System/Library/PrivateFrameworks/FamilyControls.framework/Versions/A/FamilyControls
0x000000002baa2000 	/System/Library/PrivateFrameworks/CommerceKit.framework/Versions/A/Frameworks/CommerceCore.framework/Versions/A/CommerceCore
0x000000002baa2000 	/System/Library/PrivateFrameworks/SystemAdministration.framework/Versions/A/SystemAdministration
0x000000002baa2000 	/System/Library/PrivateFrameworks/AppContainer.framework/Versions/A/AppContainer
0x000000002baa2000 	/System/Library/PrivateFrameworks/SecCodeWrapper.framework/Versions/A/SecCodeWrapper
0x000000002baa2000 	/System/Library/Frameworks/DirectoryService.framework/Versions/A/DirectoryService
0x000000002baa2000 	/System/Library/PrivateFrameworks/DiskImages.framework/Versions/A/DiskImages
0x000000002baa2000 	/System/Library/PrivateFrameworks/LoginUIKit.framework/Versions/A/Frameworks/LoginUICore.framework/Versions/A/LoginUICore
0x000000002baa2000 	/usr/lib/libCoreStorage.dylib
0x000000002baa2000 	/usr/lib/libcsfde.dylib
0x000000002baa2000 	/usr/lib/libodfde.dylib
0x000000002baa2000 	/System/Library/Frameworks/DiscRecording.framework/Versions/A/DiscRecording
0x000000002baa2000 	/usr/lib/libcurl.4.dylib
0x000000002baa2000 	/System/Library/PrivateFrameworks/MediaKit.framework/Versions/A/MediaKit
0x000000002baa2000 	/System/Library/PrivateFrameworks/ProtectedCloudStorage.framework/Versions/A/ProtectedCloudStorage
0x000000002baa2000 	/System/Library/PrivateFrameworks/EFILogin.framework/Versions/A/EFILogin
0x000000002baa2000 	/usr/lib/libutil.dylib
0x000000002baa2000 	/System/Library/Frameworks/LDAP.framework/Versions/A/LDAP
0x000000002baa2000 	/usr/lib/libsasl2.2.dylib
0x000000002baa2000 	/System/Library/PrivateFrameworks/CoreDaemon.framework/Versions/B/CoreDaemon
0x000000002baa2000 	/System/Library/PrivateFrameworks/AppleSRP.framework/Versions/A/AppleSRP
0x000000002baa2000 	/System/Library/PrivateFrameworks/APFS.framework/Versions/A/APFS
0x000000011a403000 	/Library/Internet Plug-Ins/JavaAppletPlugin.plugin/Contents/Home/lib/libfontmanager.dylib
0x000000011945e000 	/Library/Internet Plug-Ins/JavaAppletPlugin.plugin/Contents/Home/lib/libosxui.dylib
0x000000002baa2000 	/System/Library/PrivateFrameworks/ViewBridge.framework/Versions/A/ViewBridge
0x000000002baa2000 	/System/Library/PrivateFrameworks/XPCService.framework/Versions/A/XPCService
0x000000002baa2000 	/System/Library/PrivateFrameworks/AppSandbox.framework/Versions/A/AppSandbox
0x000000002baa2000 	/usr/lib/libsandbox.1.dylib
0x000000002baa2000 	/usr/lib/libMatch.1.dylib
0x000000011a4a6000 	/Library/Internet Plug-Ins/JavaAppletPlugin.plugin/Contents/Home/lib/libsunec.dylib

VM Arguments:
java_command: /Users/seojiwon/Desktop/mine/minecraft_server.1.12.2.jar
java_class_path (initial): /Users/seojiwon/Desktop/mine/minecraft_server.1.12.2.jar
Launcher Type: SUN_STANDARD

Environment Variables:
PATH=/usr/bin:/bin:/usr/sbin:/sbin
SHELL=/bin/bash

Signal Handlers:
SIGSEGV: [libjvm.dylib+0x5b27a5], sa_mask[0]=11111111011111110111111111111111, sa_flags=SA_ONSTACK|SA_RESTART|SA_SIGINFO
SIGBUS: [libjvm.dylib+0x5b27a5], sa_mask[0]=11111111011111110111111111111111, sa_flags=SA_RESTART|SA_SIGINFO
SIGFPE: [libjvm.dylib+0x4891c4], sa_mask[0]=11111111011111110111111111111111, sa_flags=SA_RESTART|SA_SIGINFO
SIGPIPE: [libjvm.dylib+0x4891c4], sa_mask[0]=11111111011111110111111111111111, sa_flags=SA_RESTART|SA_SIGINFO
SIGXFSZ: [libjvm.dylib+0x4891c4], sa_mask[0]=11111111011111110111111111111111, sa_flags=SA_RESTART|SA_SIGINFO
SIGILL: [libjvm.dylib+0x4891c4], sa_mask[0]=11111111011111110111111111111111, sa_flags=SA_RESTART|SA_SIGINFO
SIGUSR1: SIG_DFL, sa_mask[0]=00000000000000000000000000000000, sa_flags=none
SIGUSR2: [libjvm.dylib+0x488ce2], sa_mask[0]=00000000000000000000000000000000, sa_flags=SA_RESTART|SA_SIGINFO
SIGHUP: [libjvm.dylib+0x4872b9], sa_mask[0]=11111111011111110111111111111111, sa_flags=SA_RESTART|SA_SIGINFO
SIGINT: [libjvm.dylib+0x4872b9], sa_mask[0]=11111111011111110111111111111111, sa_flags=SA_RESTART|SA_SIGINFO
SIGTERM: [libjvm.dylib+0x4872b9], sa_mask[0]=11111111011111110111111111111111, sa_flags=SA_RESTART|SA_SIGINFO
SIGQUIT: [libjvm.dylib+0x4872b9], sa_mask[0]=11111111011111110111111111111111, sa_flags=SA_RESTART|SA_SIGINFO


---------------  S Y S T E M  ---------------

OS:Bsduname:Darwin 16.7.0 Darwin Kernel Version 16.7.0: Thu Jun 15 17:36:27 PDT 2017; root:xnu-3789.70.16~2/RELEASE_X86_64 x86_64
rlimit: STACK 8192k, CORE 0k, NPROC 709, NOFILE 10240, AS infinity
load average:2.97 2.78 2.78

CPU:total 4 (initial active 4) (2 cores per cpu, 2 threads per core) family 6 model 61 stepping 4, cmov, cx8, fxsr, mmx, sse, sse2, sse3, ssse3, sse4.1, sse4.2, popcnt, avx, avx2, aes, clmul, erms, 3dnowpref, lzcnt, ht, tsc, tscinvbit, bmi1, bmi2, adx

Memory: 4k page, physical 8388608k(2901700k free)

/proc/meminfo:


vm_info: Java HotSpot(TM) 64-Bit Server VM (25.151-b12) for bsd-amd64 JRE (1.8.0_151-b12), built on Sep  5 2017 19:37:08 by "java_re" with gcc 4.2.1 (Based on Apple Inc. build 5658) (LLVM build 2336.11.00)

time: Sun Jan 21 02:41:56 2018
elapsed time: 15070 seconds (0d 4h 11m 10s)

