[21:42:51] [Server thread/INFO]: Starting minecraft server version 1.12.2
[21:42:51] [Server thread/INFO]: Loading properties
[21:42:51] [Server thread/INFO]: Default game type: SURVIVAL
[21:42:51] [Server thread/INFO]: Generating keypair
[21:42:52] [Server thread/INFO]: Starting Minecraft server on *:25565
[21:42:52] [Server thread/INFO]: Using default channel type
[21:42:52] [Server thread/INFO]: Preparing level "world"
[21:42:53] [Server thread/INFO]: Loaded 488 advancements
[21:42:53] [Server thread/INFO]: Preparing start region for level 0
[21:42:56] [Server thread/INFO]: Preparing spawn area: 0%
[21:42:57] [Server thread/INFO]: Preparing spawn area: 9%
[21:42:58] [Server thread/INFO]: Preparing spawn area: 37%
[21:42:59] [Server thread/INFO]: Preparing spawn area: 54%
[21:43:00] [Server thread/INFO]: Preparing spawn area: 69%
[21:43:01] [Server thread/INFO]: Done (8.951s)! For help, type "help" or "?"
[21:43:06] [Server thread/WARN]: Can't keep up! Did the system time change, or is the server overloaded? Running 3434ms behind, skipping 68 tick(s)
[21:43:15] [User Authenticator #1/INFO]: UUID of player nomadnick02 is 00b01f26-461c-49e4-9daf-34fff39bb5fc
[21:43:16] [Server thread/INFO]: nomadnick02[/25.13.73.76:62932] logged in with entity id 732 at (-235.05720034548526, 40.0, -2302.741870747786)
[21:43:16] [Server thread/INFO]: nomadnick02 joined the game
[21:43:23] [Server thread/WARN]: nomadnick02 moved too quickly! 24.304676720859618,0.0,-3.323709618407065
[21:43:45] [Server thread/WARN]: Can't keep up! Did the system time change, or is the server overloaded? Running 16934ms behind, skipping 338 tick(s)
[21:43:45] [Server thread/INFO]: [nomadnick02: Given [Milk] * 1 to nomadnick02]
[21:43:47] [Server thread/WARN]: Can't keep up! Did the system time change, or is the server overloaded? Running 2574ms behind, skipping 51 tick(s)
[21:44:05] [Server thread/WARN]: Can't keep up! Did the system time change, or is the server overloaded? Running 3495ms behind, skipping 69 tick(s)
[21:45:19] [Server thread/INFO]: [nomadnick02: Set own game mode to Creative Mode]
[21:46:32] [Server thread/INFO]: [nomadnick02: Set the time to 13000]
[21:51:36] [Server thread/INFO]: [nomadnick02: Given Night Vision (ID 16) * 1 to nomadnick02 for 100 seconds]
[21:53:13] [Server thread/INFO]: [nomadnick02: Given Night Vision (ID 16) * 1 to nomadnick02 for 1000 seconds]
[21:53:53] [Server thread/WARN]: Can't keep up! Did the system time change, or is the server overloaded? Running 2359ms behind, skipping 47 tick(s)
[21:54:12] [Server thread/WARN]: Can't keep up! Did the system time change, or is the server overloaded? Running 3500ms behind, skipping 70 tick(s)
[21:54:31] [Server thread/WARN]: Can't keep up! Did the system time change, or is the server overloaded? Running 4474ms behind, skipping 89 tick(s)
[21:57:12] [Server thread/INFO]: [nomadnick02: Set own game mode to Survival Mode]
[21:58:30] [Server thread/WARN]: nomadnick02 moved too quickly! 118.13409390253062,-54.0,2002.1479937185563
[21:58:31] [Server thread/WARN]: Can't keep up! Did the system time change, or is the server overloaded? Running 3037ms behind, skipping 60 tick(s)
[21:58:56] [Server thread/INFO]: [nomadnick02: Given Speed (ID 1) * 10 to nomadnick02 for 100 seconds]
[22:00:01] [Server thread/WARN]: Can't keep up! Did the system time change, or is the server overloaded? Running 2323ms behind, skipping 46 tick(s)
[22:00:01] [Server thread/WARN]: nomadnick02 moved too quickly! -1304.0,22.0,485.80000001192093
[22:00:09] [Server thread/WARN]: nomadnick02 moved too quickly! 1593.6632813887445,8.464159374955443,-580.1012884761695
[22:00:11] [Server thread/INFO]: Scanning for legacy world dragon fight...
[22:00:11] [Server thread/INFO]: Found that the dragon has been killed in this world already.
[22:00:44] [Server thread/WARN]: nomadnick02 moved wrongly!
[22:05:53] [Server thread/INFO]: [nomadnick02: Set own game mode to Creative Mode]
[22:06:01] [Server thread/INFO]: [nomadnick02: Set own game mode to Survival Mode]
[22:07:55] [Server thread/INFO]: nomadnick02 lost connection: Disconnected
[22:07:56] [Server thread/INFO]: nomadnick02 left the game
[22:07:59] [User Authenticator #2/INFO]: UUID of player nomadnick02 is 00b01f26-461c-49e4-9daf-34fff39bb5fc
[22:08:00] [Server thread/INFO]: nomadnick02[/25.13.73.76:63037] logged in with entity id 19140 at (100.06023287951713, 52.0, 354.7317350510031)
[22:08:00] [Server thread/INFO]: nomadnick02 joined the game
[22:08:40] [Server thread/INFO]: [nomadnick02: Set own game mode to Creative Mode]
[22:22:53] [Server thread/INFO]: [nomadnick02: Set own game mode to Creative Mode]
[22:22:55] [Server thread/INFO]: [nomadnick02: Set own game mode to Survival Mode]
[22:24:16] [Server thread/INFO]: [nomadnick02: Set own game mode to Creative Mode]
[22:24:56] [Server thread/INFO]: [nomadnick02: Set own game mode to Survival Mode]
[22:34:35] [Server thread/WARN]: Can't keep up! Did the system time change, or is the server overloaded? Running 2627ms behind, skipping 52 tick(s)
[22:34:51] [Server thread/WARN]: Can't keep up! Did the system time change, or is the server overloaded? Running 2132ms behind, skipping 42 tick(s)
[22:37:55] [Server thread/WARN]: Keeping entity minecraft:villager that already exists with UUID e2962f00-28df-4d5a-b73b-9d6e6cdfcab0
[22:37:55] [Server thread/WARN]: Keeping entity minecraft:villager that already exists with UUID 0e0df4ff-e859-4ca6-a80f-85b2e2ebf5e0
[22:37:55] [Server thread/WARN]: Keeping entity minecraft:villager that already exists with UUID 42385a42-ee1a-40f7-9ac7-b82f345aa04b
[22:37:55] [Server thread/WARN]: Keeping entity minecraft:villager that already exists with UUID 42385a42-ee1a-40f7-9ac7-b82f345aa04b
[22:37:55] [Server thread/WARN]: Keeping entity minecraft:villager that already exists with UUID 8b66777b-a234-4160-8cf2-860a610d4b12
[22:37:55] [Server thread/WARN]: Keeping entity minecraft:villager that already exists with UUID 8b66777b-a234-4160-8cf2-860a610d4b12
[22:37:55] [Server thread/WARN]: Keeping entity minecraft:villager that already exists with UUID 45abd818-d34c-4ba5-ba72-e372aba53ffa
[22:37:55] [Server thread/WARN]: Keeping entity minecraft:villager that already exists with UUID 4ce15681-41ae-4bf8-8cbb-bca5d8a9c24a
[22:38:28] [Server thread/INFO]: [nomadnick02: Set own game mode to Creative Mode]
[22:38:30] [Server thread/WARN]: Keeping entity minecraft:villager that already exists with UUID e2962f00-28df-4d5a-b73b-9d6e6cdfcab0
[22:38:30] [Server thread/WARN]: Keeping entity minecraft:villager that already exists with UUID 0e0df4ff-e859-4ca6-a80f-85b2e2ebf5e0
[22:38:30] [Server thread/WARN]: Keeping entity minecraft:villager that already exists with UUID 42385a42-ee1a-40f7-9ac7-b82f345aa04b
[22:38:30] [Server thread/WARN]: Keeping entity minecraft:villager that already exists with UUID 42385a42-ee1a-40f7-9ac7-b82f345aa04b
[22:38:30] [Server thread/WARN]: Keeping entity minecraft:villager that already exists with UUID 8b66777b-a234-4160-8cf2-860a610d4b12
[22:38:30] [Server thread/WARN]: Keeping entity minecraft:villager that already exists with UUID 8b66777b-a234-4160-8cf2-860a610d4b12
[22:38:30] [Server thread/WARN]: Keeping entity minecraft:villager that already exists with UUID 45abd818-d34c-4ba5-ba72-e372aba53ffa
[22:38:30] [Server thread/WARN]: Keeping entity minecraft:villager that already exists with UUID 4ce15681-41ae-4bf8-8cbb-bca5d8a9c24a
[22:38:31] [Server thread/WARN]: nomadnick02 moved too quickly! -8.248339984903197,3.3750001185423173,-4.778928067378644
[22:39:01] [Server thread/INFO]: [nomadnick02: Set own game mode to Survival Mode]
[22:39:36] [Server thread/INFO]: [nomadnick02: Set own game mode to Creative Mode]
[22:40:24] [Server thread/INFO]: [nomadnick02: 11048 blocks filled]
[22:40:35] [Server thread/INFO]: [nomadnick02: 6704 blocks filled]
[22:40:53] [Server thread/INFO]: [nomadnick02: 3857 blocks filled]
[22:41:07] [Server thread/INFO]: [nomadnick02: 2044 blocks filled]
[22:41:15] [Server thread/INFO]: [nomadnick02: 546 blocks filled]
[22:42:46] [Server thread/INFO]: [nomadnick02: 9547 blocks filled]
[22:43:05] [Server thread/INFO]: [nomadnick02: 5555 blocks filled]
[22:43:14] [Server thread/INFO]: [nomadnick02: 150 blocks filled]
[22:44:38] [Server thread/INFO]: [nomadnick02: Set own game mode to Survival Mode]
[22:44:49] [Server thread/INFO]: [nomadnick02: Set the time to 0]
[22:46:04] [Server thread/INFO]: [nomadnick02: Given Haste (ID 3) * 100 to nomadnick02 for 10000 seconds]
[22:53:11] [Server thread/INFO]: [nomadnick02: Set own game mode to Creative Mode]
[22:53:48] [Server thread/INFO]: [nomadnick02: Set own game mode to Survival Mode]
[22:54:35] [Server thread/WARN]: Keeping entity minecraft:villager that already exists with UUID 8b66777b-a234-4160-8cf2-860a610d4b12
[22:54:35] [Server thread/WARN]: Keeping entity minecraft:villager that already exists with UUID 4ce15681-41ae-4bf8-8cbb-bca5d8a9c24a
[22:54:42] [Server thread/WARN]: Keeping entity minecraft:villager that already exists with UUID 4ce15681-41ae-4bf8-8cbb-bca5d8a9c24a
[22:54:55] [Server thread/INFO]: [nomadnick02: Set the time to 0]
[22:56:00] [Server thread/INFO]: [nomadnick02: Set own game mode to Creative Mode]
[22:58:04] [Server thread/INFO]: [nomadnick02: 400 blocks filled]
[22:58:14] [Server thread/INFO]: nomadnick02 lost connection: Disconnected
[22:58:14] [Server thread/INFO]: nomadnick02 left the game
[22:58:26] [Server thread/WARN]: Keeping entity minecraft:villager that already exists with UUID 0e0df4ff-e859-4ca6-a80f-85b2e2ebf5e0
[22:58:26] [Server thread/WARN]: Keeping entity minecraft:villager that already exists with UUID 42385a42-ee1a-40f7-9ac7-b82f345aa04b
[22:58:26] [Server thread/WARN]: Keeping entity minecraft:villager that already exists with UUID 42385a42-ee1a-40f7-9ac7-b82f345aa04b
[22:58:26] [Server thread/WARN]: Keeping entity minecraft:villager that already exists with UUID 8b66777b-a234-4160-8cf2-860a610d4b12
[22:58:26] [Server thread/WARN]: Keeping entity minecraft:villager that already exists with UUID 8b66777b-a234-4160-8cf2-860a610d4b12
[22:58:26] [Server thread/WARN]: Keeping entity minecraft:villager that already exists with UUID 4ce15681-41ae-4bf8-8cbb-bca5d8a9c24a
